<?xml version="1.0" encoding="UTF-8"?>
<testng-results skipped="0" failed="0" ignored="0" total="1" passed="1">
  <reporter-output>
  </reporter-output>
  <suite name="Default suite" duration-ms="634" started-at="2020-09-23T23:00:21 IST" finished-at="2020-09-23T23:00:21 IST">
    <groups>
    </groups>
    <test name="Default test" duration-ms="634" started-at="2020-09-23T23:00:21 IST" finished-at="2020-09-23T23:00:21 IST">
      <class name="com.qa.api.gorest.tests.AssignmentPojoTest">
        <test-method status="PASS" signature="test1()[pri:0, instance:com.qa.api.gorest.tests.AssignmentPojoTest@5e853265]" name="test1" duration-ms="528" started-at="2020-09-23T23:00:21 IST" finished-at="2020-09-23T23:00:21 IST">
          <reporter-output>
          </reporter-output>
        </test-method> <!-- test1 -->
      </class> <!-- com.qa.api.gorest.tests.AssignmentPojoTest -->
    </test> <!-- Default test -->
  </suite> <!-- Default suite -->
</testng-results>
